<?xml version="1.0" encoding="UTF-8"?>
<!-- Generated by org.testng.reporters.JUnitXMLReporter -->
<testsuite ignored="0" hostname="DESKTOP-IP80BGQ" failures="0" tests="3" name="Default test" time="65.443" errors="0" timestamp="2022-03-29T16:49:19 IST">
  <testcase classname="com.crm.qa.testcases.LoginPageTest" name="loginPageTitleTest" time="0.213"/>
  <testcase classname="com.crm.qa.testcases.LoginPageTest" name="crmLogoImageTest" time="0.399"/>
  <testcase classname="com.crm.qa.testcases.LoginPageTest" name="loginTest" time="10.692"/>
</testsuite> <!-- Default test -->
